<?xml version="1.0" encoding="UTF-8"?>
<!-- Generated by org.testng.reporters.JUnitReportReporter -->
<testsuite hostname="Sumanas-MacBook-Pro.local" failures="0" tests="1" name="test.FooterTest" time="23.923" errors="0" timestamp="2023-09-18T16:08:25 NPT" skipped="0">
  <testcase classname="test.FooterTest" name="footerTest" time="23.923"/>
</testsuite> <!-- test.FooterTest -->
