<?xml version="1.0" encoding="UTF-8"?>
<!-- Generated by org.testng.reporters.JUnitReportReporter -->
<testsuite hostname="Sumanas-MacBook-Pro.local" failures="0" tests="3" name="test.HSignUpPageTest" time="38.949" errors="0" timestamp="2023-09-18T12:45:21 NPT" skipped="0">
  <testcase classname="test.HSignUpPageTest" name="SignUpPageTest" time="12.605"/>
  <testcase classname="test.HSignUpPageTest" name="SignUpPageTest" time="12.607"/>
  <testcase classname="test.HSignUpPageTest" name="SignUpPageTest" time="13.737"/>
</testsuite> <!-- test.HSignUpPageTest -->
