<?xml version="1.0" encoding="UTF-8"?>
<!-- Generated by org.testng.reporters.JUnitReportReporter -->
<testsuite hostname="Sumanas-MacBook-Pro.local" failures="0" tests="3" name="test.dataTest" time="0.005" errors="0" timestamp="2023-09-17T17:22:16 NPT" skipped="0">
  <testcase classname="test.dataTest" name="testLogin" time="0.004"/>
  <testcase classname="test.dataTest" name="testLogin" time="0.000"/>
  <testcase classname="test.dataTest" name="testLogin" time="0.001"/>
</testsuite> <!-- test.dataTest -->
