<?xml version="1.0" encoding="UTF-8"?>
<!-- Generated by org.testng.reporters.JUnitReportReporter -->
<testsuite hostname="Sumanas-MacBook-Pro.local" failures="0" tests="1" name="test.TestNGSearch" time="6.293" errors="0" timestamp="2023-09-17T12:45:37 NPT" skipped="0">
  <testcase classname="test.TestNGSearch" name="searchTest" time="6.293"/>
</testsuite> <!-- test.TestNGSearch -->
